2026-01-14 15:20:00 [error]: Failed to initialize database
2026-01-14 15:24:11 [error]: Failed to initialize database
2026-01-14 15:30:07 [error]: Failed to initialize database
2026-01-14 15:31:10 [error]: Failed to initialize database
2026-01-14 15:49:11 [error]: Failed to initialize database
2026-01-14 15:50:46 [error]: Failed to initialize database: error: database "aviator" does not exist
    at Parser.parseErrorMessage (/home/caxton/Desktop/projects/aviator/node_modules/.pnpm/pg-protocol@1.10.3/node_modules/pg-protocol/src/parser.ts:369:69)
    at Parser.handlePacket (/home/caxton/Desktop/projects/aviator/node_modules/.pnpm/pg-protocol@1.10.3/node_modules/pg-protocol/src/parser.ts:187:21)
    at Parser.parse (/home/caxton/Desktop/projects/aviator/node_modules/.pnpm/pg-protocol@1.10.3/node_modules/pg-protocol/src/parser.ts:102:30)
    at Socket.<anonymous> (/home/caxton/Desktop/projects/aviator/node_modules/.pnpm/pg-protocol@1.10.3/node_modules/pg-protocol/src/index.ts:7:48)
    at Socket.emit (node:events:507:28)
    at addChunk (node:internal/streams/readable:559:12)
    at readableAddChunkPushByteMode (node:internal/streams/readable:510:3)
    at Readable.push (node:internal/streams/readable:390:5)
    at TCP.onStreamRead (node:internal/stream_base_commons:189:23)
2026-01-14 15:52:48 [error]: Failed to initialize database: error: database "aviator" does not exist
    at Parser.parseErrorMessage (/home/caxton/Desktop/projects/aviator/node_modules/.pnpm/pg-protocol@1.10.3/node_modules/pg-protocol/src/parser.ts:369:69)
    at Parser.handlePacket (/home/caxton/Desktop/projects/aviator/node_modules/.pnpm/pg-protocol@1.10.3/node_modules/pg-protocol/src/parser.ts:187:21)
    at Parser.parse (/home/caxton/Desktop/projects/aviator/node_modules/.pnpm/pg-protocol@1.10.3/node_modules/pg-protocol/src/parser.ts:102:30)
    at Socket.<anonymous> (/home/caxton/Desktop/projects/aviator/node_modules/.pnpm/pg-protocol@1.10.3/node_modules/pg-protocol/src/index.ts:7:48)
    at Socket.emit (node:events:507:28)
    at addChunk (node:internal/streams/readable:559:12)
    at readableAddChunkPushByteMode (node:internal/streams/readable:510:3)
    at Readable.push (node:internal/streams/readable:390:5)
    at TCP.onStreamRead (node:internal/stream_base_commons:189:23)
2026-01-14 16:03:33 [error]: Failed to initialize database: error: password authentication failed for user "postgres"
    at Parser.parseErrorMessage (/home/caxton/Desktop/projects/aviator/node_modules/.pnpm/pg-protocol@1.10.3/node_modules/pg-protocol/src/parser.ts:369:69)
    at Parser.handlePacket (/home/caxton/Desktop/projects/aviator/node_modules/.pnpm/pg-protocol@1.10.3/node_modules/pg-protocol/src/parser.ts:187:21)
    at Parser.parse (/home/caxton/Desktop/projects/aviator/node_modules/.pnpm/pg-protocol@1.10.3/node_modules/pg-protocol/src/parser.ts:102:30)
    at Socket.<anonymous> (/home/caxton/Desktop/projects/aviator/node_modules/.pnpm/pg-protocol@1.10.3/node_modules/pg-protocol/src/index.ts:7:48)
    at Socket.emit (node:events:507:28)
    at addChunk (node:internal/streams/readable:559:12)
    at readableAddChunkPushByteMode (node:internal/streams/readable:510:3)
    at Readable.push (node:internal/streams/readable:390:5)
    at TCP.onStreamRead (node:internal/stream_base_commons:189:23)
2026-01-14 16:06:07 [error]: Failed to initialize database: error: password authentication failed for user "postgres"
    at Parser.parseErrorMessage (/home/caxton/Desktop/projects/aviator/node_modules/.pnpm/pg-protocol@1.10.3/node_modules/pg-protocol/src/parser.ts:369:69)
    at Parser.handlePacket (/home/caxton/Desktop/projects/aviator/node_modules/.pnpm/pg-protocol@1.10.3/node_modules/pg-protocol/src/parser.ts:187:21)
    at Parser.parse (/home/caxton/Desktop/projects/aviator/node_modules/.pnpm/pg-protocol@1.10.3/node_modules/pg-protocol/src/parser.ts:102:30)
    at Socket.<anonymous> (/home/caxton/Desktop/projects/aviator/node_modules/.pnpm/pg-protocol@1.10.3/node_modules/pg-protocol/src/index.ts:7:48)
    at Socket.emit (node:events:507:28)
    at addChunk (node:internal/streams/readable:559:12)
    at readableAddChunkPushByteMode (node:internal/streams/readable:510:3)
    at Readable.push (node:internal/streams/readable:390:5)
    at TCP.onStreamRead (node:internal/stream_base_commons:189:23)
2026-01-14 16:06:28 [error]: Failed to initialize database: error: password authentication failed for user "postgres"
    at Parser.parseErrorMessage (/home/caxton/Desktop/projects/aviator/node_modules/.pnpm/pg-protocol@1.10.3/node_modules/pg-protocol/src/parser.ts:369:69)
    at Parser.handlePacket (/home/caxton/Desktop/projects/aviator/node_modules/.pnpm/pg-protocol@1.10.3/node_modules/pg-protocol/src/parser.ts:187:21)
    at Parser.parse (/home/caxton/Desktop/projects/aviator/node_modules/.pnpm/pg-protocol@1.10.3/node_modules/pg-protocol/src/parser.ts:102:30)
    at Socket.<anonymous> (/home/caxton/Desktop/projects/aviator/node_modules/.pnpm/pg-protocol@1.10.3/node_modules/pg-protocol/src/index.ts:7:48)
    at Socket.emit (node:events:507:28)
    at addChunk (node:internal/streams/readable:559:12)
    at readableAddChunkPushByteMode (node:internal/streams/readable:510:3)
    at Readable.push (node:internal/streams/readable:390:5)
    at TCP.onStreamRead (node:internal/stream_base_commons:189:23)
2026-01-14 16:06:40 [error]: Failed to initialize database: error: password authentication failed for user "postgres"
    at Parser.parseErrorMessage (/home/caxton/Desktop/projects/aviator/node_modules/.pnpm/pg-protocol@1.10.3/node_modules/pg-protocol/src/parser.ts:369:69)
    at Parser.handlePacket (/home/caxton/Desktop/projects/aviator/node_modules/.pnpm/pg-protocol@1.10.3/node_modules/pg-protocol/src/parser.ts:187:21)
    at Parser.parse (/home/caxton/Desktop/projects/aviator/node_modules/.pnpm/pg-protocol@1.10.3/node_modules/pg-protocol/src/parser.ts:102:30)
    at Socket.<anonymous> (/home/caxton/Desktop/projects/aviator/node_modules/.pnpm/pg-protocol@1.10.3/node_modules/pg-protocol/src/index.ts:7:48)
    at Socket.emit (node:events:507:28)
    at addChunk (node:internal/streams/readable:559:12)
    at readableAddChunkPushByteMode (node:internal/streams/readable:510:3)
    at Readable.push (node:internal/streams/readable:390:5)
    at TCP.onStreamRead (node:internal/stream_base_commons:189:23)
2026-01-14 16:10:40 [error]: Failed to initialize database: error: password authentication failed for user "postgres"
    at Parser.parseErrorMessage (/home/caxton/Desktop/projects/aviator/node_modules/.pnpm/pg-protocol@1.10.3/node_modules/pg-protocol/src/parser.ts:369:69)
    at Parser.handlePacket (/home/caxton/Desktop/projects/aviator/node_modules/.pnpm/pg-protocol@1.10.3/node_modules/pg-protocol/src/parser.ts:187:21)
    at Parser.parse (/home/caxton/Desktop/projects/aviator/node_modules/.pnpm/pg-protocol@1.10.3/node_modules/pg-protocol/src/parser.ts:102:30)
    at Socket.<anonymous> (/home/caxton/Desktop/projects/aviator/node_modules/.pnpm/pg-protocol@1.10.3/node_modules/pg-protocol/src/index.ts:7:48)
    at Socket.emit (node:events:507:28)
    at addChunk (node:internal/streams/readable:559:12)
    at readableAddChunkPushByteMode (node:internal/streams/readable:510:3)
    at Readable.push (node:internal/streams/readable:390:5)
    at TCP.onStreamRead (node:internal/stream_base_commons:189:23)
2026-01-14 16:14:14 [error]: Failed to initialize database: error: password authentication failed for user "postgres"
    at Parser.parseErrorMessage (/home/caxton/Desktop/projects/aviator/node_modules/.pnpm/pg-protocol@1.10.3/node_modules/pg-protocol/src/parser.ts:369:69)
    at Parser.handlePacket (/home/caxton/Desktop/projects/aviator/node_modules/.pnpm/pg-protocol@1.10.3/node_modules/pg-protocol/src/parser.ts:187:21)
    at Parser.parse (/home/caxton/Desktop/projects/aviator/node_modules/.pnpm/pg-protocol@1.10.3/node_modules/pg-protocol/src/parser.ts:102:30)
    at Socket.<anonymous> (/home/caxton/Desktop/projects/aviator/node_modules/.pnpm/pg-protocol@1.10.3/node_modules/pg-protocol/src/index.ts:7:48)
    at Socket.emit (node:events:507:28)
    at addChunk (node:internal/streams/readable:559:12)
    at readableAddChunkPushByteMode (node:internal/streams/readable:510:3)
    at Readable.push (node:internal/streams/readable:390:5)
    at TCP.onStreamRead (node:internal/stream_base_commons:189:23)
2026-01-14 16:15:56 [error]: Engine start failed
2026-01-14 16:29:38 [error]: Engine start failed
2026-01-14 16:29:44 [error]: Engine start failed
2026-01-14 16:30:01 [error]: Engine start failed
2026-01-14 16:30:08 [error]: Engine start failed
2026-01-14 16:30:11 [error]: Engine start failed
2026-01-14 16:30:15 [error]: Engine start failed
2026-01-14 16:30:19 [error]: Failed to initialize database: ReferenceError: fa is not defined
    at GameEngine.<instance_members_initializer> (/home/caxton/Desktop/projects/aviator/backend/src/services/game-engine.service.ts:17:23)
    at new GameEngine (/home/caxton/Desktop/projects/aviator/backend/src/services/game-engine.service.ts:26:3)
    at <anonymous> (/home/caxton/Desktop/projects/aviator/backend/src/index.ts:69:20)
    at process.processTicksAndRejections (node:internal/process/task_queues:105:5)
2026-01-14 16:30:20 [error]: Engine start failed
2026-01-14 16:30:25 [error]: Engine start failed
2026-01-14 16:30:56 [error]: Failed to initialize game engine
2026-01-14 16:30:56 [error]: Engine start failed
2026-01-14 16:30:56 [error]: Failed to initialize game engine
2026-01-14 16:32:42 [error]: Failed to initialize game engine
2026-01-14 16:33:22 [error]: Failed to initialize game engine
2026-01-14 16:33:22 [error]: Engine start failed
2026-01-14 16:33:22 [error]: Failed to initialize game engine
2026-01-14 16:34:18 [error]: Failed to initialize game engine
2026-01-14 16:35:41 [error]: Failed to initialize game engine
2026-01-14 16:38:05 [error]: Failed to initialize game engine
2026-01-14 16:38:05 [error]: Failed to initialize game engine
2026-01-14 16:38:05 [error]: Failed to initialize database: QueryFailedError: relation "rounds" does not exist
    at PostgresQueryRunner.query (/home/caxton/Desktop/projects/aviator/node_modules/.pnpm/typeorm@0.3.28_pg@8.16.3_ts-node@10.9.2_@types+node@20.19.29_typescript@5.9.3_/node_modules/typeorm/driver/src/driver/postgres/PostgresQueryRunner.ts:325:19)
    at process.processTicksAndRejections (node:internal/process/task_queues:105:5)
    at async SelectQueryBuilder.loadRawResults (/home/caxton/Desktop/projects/aviator/node_modules/.pnpm/typeorm@0.3.28_pg@8.16.3_ts-node@10.9.2_@types+node@20.19.29_typescript@5.9.3_/node_modules/typeorm/query-builder/src/query-builder/SelectQueryBuilder.ts:3868:25)
    at async SelectQueryBuilder.executeEntitiesAndRawResults (/home/caxton/Desktop/projects/aviator/node_modules/.pnpm/typeorm@0.3.28_pg@8.16.3_ts-node@10.9.2_@types+node@20.19.29_typescript@5.9.3_/node_modules/typeorm/query-builder/src/query-builder/SelectQueryBuilder.ts:3614:26)
    at async SelectQueryBuilder.getRawAndEntities (/home/caxton/Desktop/projects/aviator/node_modules/.pnpm/typeorm@0.3.28_pg@8.16.3_ts-node@10.9.2_@types+node@20.19.29_typescript@5.9.3_/node_modules/typeorm/query-builder/src/query-builder/SelectQueryBuilder.ts:1671:29)
    at async SelectQueryBuilder.getOne (/home/caxton/Desktop/projects/aviator/node_modules/.pnpm/typeorm@0.3.28_pg@8.16.3_ts-node@10.9.2_@types+node@20.19.29_typescript@5.9.3_/node_modules/typeorm/query-builder/src/query-builder/SelectQueryBuilder.ts:1698:25)
    at async GameEngine.start (/home/caxton/Desktop/projects/aviator/backend/src/services/game-engine.service.ts:83:15)
    at async <anonymous> (/home/caxton/Desktop/projects/aviator/backend/src/index.ts:70:5)
2026-01-14 16:38:43 [error]: Failed to initialize game engine
2026-01-14 16:38:43 [error]: Failed to initialize game engine
2026-01-14 16:38:43 [error]: Failed to initialize database: QueryFailedError: relation "rounds" does not exist
    at PostgresQueryRunner.query (/home/caxton/Desktop/projects/aviator/node_modules/.pnpm/typeorm@0.3.28_pg@8.16.3_ts-node@10.9.2_@types+node@20.19.29_typescript@5.9.3_/node_modules/typeorm/driver/src/driver/postgres/PostgresQueryRunner.ts:325:19)
    at process.processTicksAndRejections (node:internal/process/task_queues:105:5)
    at async SelectQueryBuilder.loadRawResults (/home/caxton/Desktop/projects/aviator/node_modules/.pnpm/typeorm@0.3.28_pg@8.16.3_ts-node@10.9.2_@types+node@20.19.29_typescript@5.9.3_/node_modules/typeorm/query-builder/src/query-builder/SelectQueryBuilder.ts:3868:25)
    at async SelectQueryBuilder.executeEntitiesAndRawResults (/home/caxton/Desktop/projects/aviator/node_modules/.pnpm/typeorm@0.3.28_pg@8.16.3_ts-node@10.9.2_@types+node@20.19.29_typescript@5.9.3_/node_modules/typeorm/query-builder/src/query-builder/SelectQueryBuilder.ts:3614:26)
    at async SelectQueryBuilder.getRawAndEntities (/home/caxton/Desktop/projects/aviator/node_modules/.pnpm/typeorm@0.3.28_pg@8.16.3_ts-node@10.9.2_@types+node@20.19.29_typescript@5.9.3_/node_modules/typeorm/query-builder/src/query-builder/SelectQueryBuilder.ts:1671:29)
    at async SelectQueryBuilder.getOne (/home/caxton/Desktop/projects/aviator/node_modules/.pnpm/typeorm@0.3.28_pg@8.16.3_ts-node@10.9.2_@types+node@20.19.29_typescript@5.9.3_/node_modules/typeorm/query-builder/src/query-builder/SelectQueryBuilder.ts:1698:25)
    at async GameEngine.start (/home/caxton/Desktop/projects/aviator/backend/src/services/game-engine.service.ts:83:15)
    at async <anonymous> (/home/caxton/Desktop/projects/aviator/backend/src/index.ts:70:5)
2026-01-14 16:40:04 [error]: Failed to initialize game engine
2026-01-14 16:40:04 [error]: Failed to initialize game engine
2026-01-14 16:40:04 [error]: Failed to initialize database: QueryFailedError: relation "rounds" does not exist
    at PostgresQueryRunner.query (/home/caxton/Desktop/projects/aviator/node_modules/.pnpm/typeorm@0.3.28_pg@8.16.3_ts-node@10.9.2_@types+node@20.19.29_typescript@5.9.3_/node_modules/typeorm/driver/src/driver/postgres/PostgresQueryRunner.ts:325:19)
    at process.processTicksAndRejections (node:internal/process/task_queues:105:5)
    at async SelectQueryBuilder.loadRawResults (/home/caxton/Desktop/projects/aviator/node_modules/.pnpm/typeorm@0.3.28_pg@8.16.3_ts-node@10.9.2_@types+node@20.19.29_typescript@5.9.3_/node_modules/typeorm/query-builder/src/query-builder/SelectQueryBuilder.ts:3868:25)
    at async SelectQueryBuilder.executeEntitiesAndRawResults (/home/caxton/Desktop/projects/aviator/node_modules/.pnpm/typeorm@0.3.28_pg@8.16.3_ts-node@10.9.2_@types+node@20.19.29_typescript@5.9.3_/node_modules/typeorm/query-builder/src/query-builder/SelectQueryBuilder.ts:3614:26)
    at async SelectQueryBuilder.getRawAndEntities (/home/caxton/Desktop/projects/aviator/node_modules/.pnpm/typeorm@0.3.28_pg@8.16.3_ts-node@10.9.2_@types+node@20.19.29_typescript@5.9.3_/node_modules/typeorm/query-builder/src/query-builder/SelectQueryBuilder.ts:1671:29)
    at async SelectQueryBuilder.getOne (/home/caxton/Desktop/projects/aviator/node_modules/.pnpm/typeorm@0.3.28_pg@8.16.3_ts-node@10.9.2_@types+node@20.19.29_typescript@5.9.3_/node_modules/typeorm/query-builder/src/query-builder/SelectQueryBuilder.ts:1698:25)
    at async GameEngine.start (/home/caxton/Desktop/projects/aviator/backend/src/services/game-engine.service.ts:83:15)
    at async <anonymous> (/home/caxton/Desktop/projects/aviator/backend/src/index.ts:70:5)
2026-01-14 16:40:08 [error]: Failed to initialize game engine
2026-01-14 16:40:08 [error]: Failed to initialize game engine
2026-01-14 16:40:08 [error]: Failed to initialize database: QueryFailedError: relation "rounds" does not exist
    at PostgresQueryRunner.query (/home/caxton/Desktop/projects/aviator/node_modules/.pnpm/typeorm@0.3.28_pg@8.16.3_ts-node@10.9.2_@types+node@20.19.29_typescript@5.9.3_/node_modules/typeorm/driver/src/driver/postgres/PostgresQueryRunner.ts:325:19)
    at process.processTicksAndRejections (node:internal/process/task_queues:105:5)
    at async SelectQueryBuilder.loadRawResults (/home/caxton/Desktop/projects/aviator/node_modules/.pnpm/typeorm@0.3.28_pg@8.16.3_ts-node@10.9.2_@types+node@20.19.29_typescript@5.9.3_/node_modules/typeorm/query-builder/src/query-builder/SelectQueryBuilder.ts:3868:25)
    at async SelectQueryBuilder.executeEntitiesAndRawResults (/home/caxton/Desktop/projects/aviator/node_modules/.pnpm/typeorm@0.3.28_pg@8.16.3_ts-node@10.9.2_@types+node@20.19.29_typescript@5.9.3_/node_modules/typeorm/query-builder/src/query-builder/SelectQueryBuilder.ts:3614:26)
    at async SelectQueryBuilder.getRawAndEntities (/home/caxton/Desktop/projects/aviator/node_modules/.pnpm/typeorm@0.3.28_pg@8.16.3_ts-node@10.9.2_@types+node@20.19.29_typescript@5.9.3_/node_modules/typeorm/query-builder/src/query-builder/SelectQueryBuilder.ts:1671:29)
    at async SelectQueryBuilder.getOne (/home/caxton/Desktop/projects/aviator/node_modules/.pnpm/typeorm@0.3.28_pg@8.16.3_ts-node@10.9.2_@types+node@20.19.29_typescript@5.9.3_/node_modules/typeorm/query-builder/src/query-builder/SelectQueryBuilder.ts:1698:25)
    at async GameEngine.start (/home/caxton/Desktop/projects/aviator/backend/src/services/game-engine.service.ts:83:15)
    at async <anonymous> (/home/caxton/Desktop/projects/aviator/backend/src/index.ts:70:5)
2026-01-14 16:46:49 [error]: Failed to initialize database
2026-01-14 16:47:08 [error]: Migration failed
2026-01-15 14:21:00 [error]: Unhandled Rejection: duplicate key value violates unique constraint "UQ_190af5394aab7d00cf6c2fc1b88"
2026-01-15 18:32:22 [error]: Unhandled Rejection: duplicate key value violates unique constraint "UQ_190af5394aab7d00cf6c2fc1b88"
2026-01-15 18:32:22 [error]: Unhandled Rejection: duplicate key value violates unique constraint "UQ_190af5394aab7d00cf6c2fc1b88"
2026-01-16 00:39:46 [error]: Unhandled Rejection: duplicate key value violates unique constraint "UQ_190af5394aab7d00cf6c2fc1b88"
2026-01-16 01:00:57 [error]: Unhandled Rejection: duplicate key value violates unique constraint "UQ_190af5394aab7d00cf6c2fc1b88"
2026-01-16 01:08:05 [error]: Unhandled Rejection: duplicate key value violates unique constraint "UQ_190af5394aab7d00cf6c2fc1b88"
2026-01-16 10:30:50 [error]: Unhandled Rejection: duplicate key value violates unique constraint "UQ_190af5394aab7d00cf6c2fc1b88"
2026-01-16 10:43:46 [error]: Failed to start new round
2026-01-16 10:44:35 [error]: Failed to start new round
2026-01-16 11:00:15 [error]: Unhandled Rejection: could not serialize access due to read/write dependencies among transactions
2026-01-17 00:24:10 [error]: Unhandled Rejection: could not serialize access due to read/write dependencies among transactions
2026-01-17 02:05:49 [error]: Unhandled Rejection: could not serialize access due to read/write dependencies among transactions
2026-01-17 10:49:43 [error]: Unhandled Rejection: could not serialize access due to read/write dependencies among transactions
2026-01-20 16:12:26 [error]: Failed to submit round snapshot
2026-01-20 16:12:27 [error]: Failed to submit round snapshot
2026-01-20 16:12:29 [error]: Failed to submit round snapshot
2026-01-20 16:12:30 [error]: Failed to submit round snapshot
2026-01-20 16:12:32 [error]: Failed to submit round snapshot
2026-01-20 16:12:32 [error]: Max retries reached, giving up
2026-01-20 16:12:32 [error]: Round snapshot submission failed
2026-01-20 16:13:54 [error]: Failed to submit round snapshot
2026-01-20 16:13:56 [error]: Failed to submit round snapshot
2026-01-20 16:13:58 [error]: Failed to submit round snapshot
2026-01-20 16:13:59 [error]: Failed to submit round snapshot
2026-01-20 16:14:02 [error]: Failed to submit round snapshot
2026-01-20 16:14:02 [error]: Max retries reached, giving up
2026-01-20 16:14:02 [error]: Round snapshot submission failed
2026-01-20 16:14:45 [error]: Failed to submit round snapshot
2026-01-20 16:14:45 [error]: Failed to submit round snapshot
2026-01-20 16:14:46 [error]: Failed to submit round snapshot
2026-01-20 16:14:46 [error]: Failed to submit round snapshot
2026-01-20 16:14:48 [error]: Failed to submit round snapshot
2026-01-20 16:14:48 [error]: Failed to submit round snapshot
2026-01-20 16:14:50 [error]: Failed to submit round snapshot
2026-01-20 16:14:50 [error]: Failed to submit round snapshot
2026-01-20 16:14:52 [error]: Failed to submit round snapshot
2026-01-20 16:14:52 [error]: Failed to submit round snapshot
2026-01-20 16:14:52 [error]: Max retries reached, giving up
2026-01-20 16:14:52 [error]: Max retries reached, giving up
2026-01-20 16:14:52 [error]: Round snapshot submission failed
2026-01-20 16:14:52 [error]: Round snapshot submission failed
2026-01-20 16:15:22 [error]: Failed to submit round snapshot
2026-01-20 16:15:25 [error]: Failed to submit round snapshot
2026-01-20 16:15:28 [error]: Failed to submit round snapshot
2026-01-20 16:15:30 [error]: Failed to submit round snapshot
2026-01-20 16:15:34 [error]: Failed to submit round snapshot
2026-01-20 16:15:34 [error]: Max retries reached, giving up
2026-01-20 16:15:34 [error]: Round snapshot submission failed
2026-01-20 16:16:58 [error]: Failed to submit round snapshot
2026-01-20 16:17:05 [error]: Failed to submit round snapshot
2026-01-20 16:17:06 [error]: Failed to submit round snapshot
2026-01-20 16:17:07 [error]: Failed to submit round snapshot
2026-01-20 16:17:14 [error]: Failed to submit round snapshot
2026-01-20 16:17:14 [error]: Max retries reached, giving up
2026-01-20 16:17:14 [error]: Round snapshot submission failed
2026-01-20 16:18:35 [error]: Failed to submit round snapshot
2026-01-20 16:18:37 [error]: Failed to submit round snapshot
2026-01-20 16:18:44 [error]: Failed to submit round snapshot
2026-01-20 16:18:50 [error]: Failed to submit round snapshot
2026-01-20 16:18:52 [error]: Failed to submit round snapshot
2026-01-20 16:18:52 [error]: Max retries reached, giving up
2026-01-20 16:18:52 [error]: Round snapshot submission failed
2026-01-20 16:19:33 [error]: Failed to submit round snapshot
2026-01-20 16:19:34 [error]: Failed to submit round snapshot
2026-01-20 16:19:35 [error]: Failed to submit round snapshot
2026-01-20 16:19:41 [error]: Failed to submit round snapshot
2026-01-20 16:19:44 [error]: Failed to submit round snapshot
2026-01-20 16:19:44 [error]: Max retries reached, giving up
2026-01-20 16:19:44 [error]: Round snapshot submission failed
2026-01-20 16:20:29 [error]: Failed to submit round snapshot
2026-01-20 16:20:35 [error]: Failed to submit round snapshot
2026-01-20 16:20:37 [error]: Failed to submit round snapshot
2026-01-20 16:20:39 [error]: Failed to submit round snapshot
2026-01-20 16:20:45 [error]: Failed to submit round snapshot
2026-01-20 16:20:45 [error]: Max retries reached, giving up
2026-01-20 16:20:45 [error]: Round snapshot submission failed
2026-01-20 16:21:33 [error]: Failed to submit round snapshot
2026-01-20 16:21:34 [error]: Failed to submit round snapshot
2026-01-20 16:21:39 [error]: Failed to submit round snapshot
2026-01-20 16:21:41 [error]: Failed to submit round snapshot
2026-01-20 16:21:48 [error]: Failed to submit round snapshot
2026-01-20 16:21:48 [error]: Max retries reached, giving up
2026-01-20 16:21:48 [error]: Round snapshot submission failed
2026-01-20 18:31:54 [error]: Unhandled Rejection: could not serialize access due to read/write dependencies among transactions
2026-01-20 20:28:10 [error]: Unhandled Rejection: could not serialize access due to read/write dependencies among transactions
